Replace Part C1 C in D:\git\ACCP--404-19\AltiumDesignerProject\Схема принципиальная ПУК-404-19.SchDoc with C from Passive.SchLib
Replace Part C2 C in D:\git\ACCP--404-19\AltiumDesignerProject\Схема принципиальная ПУК-404-19.SchDoc with C from Passive.SchLib
Replace Part C3 C in D:\git\ACCP--404-19\AltiumDesignerProject\Схема принципиальная ПУК-404-19.SchDoc with C from Passive.SchLib
Replace Part C4 C in D:\git\ACCP--404-19\AltiumDesignerProject\Схема принципиальная ПУК-404-19.SchDoc with C from Passive.SchLib
Replace Part C5 C in D:\git\ACCP--404-19\AltiumDesignerProject\Схема принципиальная ПУК-404-19.SchDoc with C from Passive.SchLib
Replace Part C6 C in D:\git\ACCP--404-19\AltiumDesignerProject\Схема принципиальная ПУК-404-19.SchDoc with C from Passive.SchLib
Replace Part C7 C in D:\git\ACCP--404-19\AltiumDesignerProject\Схема принципиальная ПУК-404-19.SchDoc with C from Passive.SchLib
Replace Part C8 C in D:\git\ACCP--404-19\AltiumDesignerProject\Схема принципиальная ПУК-404-19.SchDoc with C from Passive.SchLib
Replace Part C11 C in D:\git\ACCP--404-19\AltiumDesignerProject\Схема принципиальная ПУК-404-19.SchDoc with C from Passive.SchLib
Replace Part H1 LED in D:\git\ACCP--404-19\AltiumDesignerProject\Схема принципиальная ПУК-404-19.SchDoc with LED from VD.SchLib
Replace Part LED1 LED in D:\git\ACCP--404-19\AltiumDesignerProject\Схема принципиальная ПУК-404-19.SchDoc with LED from VD.SchLib
Replace Part LED2 LED in D:\git\ACCP--404-19\AltiumDesignerProject\Схема принципиальная ПУК-404-19.SchDoc with LED from VD.SchLib
Replace Part LED3 LED in D:\git\ACCP--404-19\AltiumDesignerProject\Схема принципиальная ПУК-404-19.SchDoc with LED from VD.SchLib
Replace Part LED4 LED in D:\git\ACCP--404-19\AltiumDesignerProject\Схема принципиальная ПУК-404-19.SchDoc with LED from VD.SchLib
Replace Part R1 Resistor in D:\git\ACCP--404-19\AltiumDesignerProject\Схема принципиальная ПУК-404-19.SchDoc with Resistor from Passive.SchLib
Replace Part R2 Resistor in D:\git\ACCP--404-19\AltiumDesignerProject\Схема принципиальная ПУК-404-19.SchDoc with Resistor from Passive.SchLib
Replace Part R3 Resistor in D:\git\ACCP--404-19\AltiumDesignerProject\Схема принципиальная ПУК-404-19.SchDoc with Resistor from Passive.SchLib
Replace Part R4 Resistor in D:\git\ACCP--404-19\AltiumDesignerProject\Схема принципиальная ПУК-404-19.SchDoc with Resistor from Passive.SchLib
Replace Part R5 Resistor in D:\git\ACCP--404-19\AltiumDesignerProject\Схема принципиальная ПУК-404-19.SchDoc with Resistor from Passive.SchLib
Replace Part R6 Resistor in D:\git\ACCP--404-19\AltiumDesignerProject\Схема принципиальная ПУК-404-19.SchDoc with Resistor from Passive.SchLib
Replace Part R10 Resistor in D:\git\ACCP--404-19\AltiumDesignerProject\Схема принципиальная ПУК-404-19.SchDoc with Resistor from Passive.SchLib
Replace Part R12 Resistor in D:\git\ACCP--404-19\AltiumDesignerProject\Схема принципиальная ПУК-404-19.SchDoc with Resistor from Passive.SchLib
Replace Part U1 PL2303HX in D:\git\ACCP--404-19\AltiumDesignerProject\Схема принципиальная ПУК-404-19.SchDoc with PL2303HX from PL2303HX.SchLib
Replace Part U2 LM75AD in D:\git\ACCP--404-19\AltiumDesignerProject\Схема принципиальная ПУК-404-19.SchDoc with LM75AD from A75AD.SchLib
Replace Part U3 Atmega328P in D:\git\ACCP--404-19\AltiumDesignerProject\Схема принципиальная ПУК-404-19.SchDoc with Atmega328P from ATMEGA328P.SchLib
Replace Part VT1 NPN_BEC in D:\git\ACCP--404-19\AltiumDesignerProject\Схема принципиальная ПУК-404-19.SchDoc with NPN_BEC from VT.SchLib
Replace Part X1 X_4 in D:\git\ACCP--404-19\AltiumDesignerProject\Схема принципиальная ПУК-404-19.SchDoc with X_4 from Connectors.SchLib
Replace Part X2 X_6 in D:\git\ACCP--404-19\AltiumDesignerProject\Схема принципиальная ПУК-404-19.SchDoc with X_6 from Connectors.SchLib
Replace Part Z1 Кварцевый резонатор in D:\git\ACCP--404-19\AltiumDesignerProject\Схема принципиальная ПУК-404-19.SchDoc with Кварцевый резонатор from Z.SchLib
Replace Part Z2 Кварцевый резонатор in D:\git\ACCP--404-19\AltiumDesignerProject\Схема принципиальная ПУК-404-19.SchDoc with Кварцевый резонатор from Z.SchLib
