Replace Part ATM1 atmega328p in D:\git\ACCP--404-19\AltiumDesignerProject\Схема принципиальная ПУК-404-19.SchDoc with atmega328p from ATMEGA328P.SchLib
Replace Part C1 Cap in D:\git\ACCP--404-19\AltiumDesignerProject\Схема принципиальная ПУК-404-19.SchDoc with Cap from Miscellaneous Devices.IntLib
Replace Part C2 Cap in D:\git\ACCP--404-19\AltiumDesignerProject\Схема принципиальная ПУК-404-19.SchDoc with Cap from Miscellaneous Devices.IntLib
Replace Part C3 Cap in D:\git\ACCP--404-19\AltiumDesignerProject\Схема принципиальная ПУК-404-19.SchDoc with Cap from Miscellaneous Devices.IntLib
Replace Part C4 Cap in D:\git\ACCP--404-19\AltiumDesignerProject\Схема принципиальная ПУК-404-19.SchDoc with Cap from Miscellaneous Devices.IntLib
Replace Part C5 Cap in D:\git\ACCP--404-19\AltiumDesignerProject\Схема принципиальная ПУК-404-19.SchDoc with Cap from Miscellaneous Devices.IntLib
Replace Part C6 Cap in D:\git\ACCP--404-19\AltiumDesignerProject\Схема принципиальная ПУК-404-19.SchDoc with Cap from Miscellaneous Devices.IntLib
Replace Part C7 Cap in D:\git\ACCP--404-19\AltiumDesignerProject\Схема принципиальная ПУК-404-19.SchDoc with Cap from Miscellaneous Devices.IntLib
Replace Part C8 Cap in D:\git\ACCP--404-19\AltiumDesignerProject\Схема принципиальная ПУК-404-19.SchDoc with Cap from Miscellaneous Devices.IntLib
Replace Part C9 Cap Pol1 in D:\git\ACCP--404-19\AltiumDesignerProject\Схема принципиальная ПУК-404-19.SchDoc with Cap Pol1 from Miscellaneous Devices.IntLib
Replace Part C10 Cap in D:\git\ACCP--404-19\AltiumDesignerProject\Схема принципиальная ПУК-404-19.SchDoc with Cap from Miscellaneous Devices.IntLib
Replace Part D1 LED0 in D:\git\ACCP--404-19\AltiumDesignerProject\Схема принципиальная ПУК-404-19.SchDoc with LED0 from Miscellaneous Devices.IntLib
Replace Part D2 LED0 in D:\git\ACCP--404-19\AltiumDesignerProject\Схема принципиальная ПУК-404-19.SchDoc with LED0 from Miscellaneous Devices.IntLib
Replace Part D3 LED0 in D:\git\ACCP--404-19\AltiumDesignerProject\Схема принципиальная ПУК-404-19.SchDoc with LED0 from Miscellaneous Devices.IntLib
Replace Part D4 LED0 in D:\git\ACCP--404-19\AltiumDesignerProject\Схема принципиальная ПУК-404-19.SchDoc with LED0 from Miscellaneous Devices.IntLib
Replace Part DD? LM75AD in D:\git\ACCP--404-19\AltiumDesignerProject\Схема принципиальная ПУК-404-19.SchDoc with LM75AD from A75AD.SchLib
Replace Part P1 Header 5 in D:\git\ACCP--404-19\AltiumDesignerProject\Схема принципиальная ПУК-404-19.SchDoc with Header 5 from Miscellaneous Connectors.IntLib
Replace Part P2 Header 4 in D:\git\ACCP--404-19\AltiumDesignerProject\Схема принципиальная ПУК-404-19.SchDoc with Header 4 from Miscellaneous Connectors.IntLib
Replace Part P3 Header 4 in D:\git\ACCP--404-19\AltiumDesignerProject\Схема принципиальная ПУК-404-19.SchDoc with Header 4 from Miscellaneous Connectors.IntLib
Replace Part P4 Header 6 in D:\git\ACCP--404-19\AltiumDesignerProject\Схема принципиальная ПУК-404-19.SchDoc with Header 6 from Miscellaneous Connectors.IntLib
Replace Part P? Header 4 in D:\git\ACCP--404-19\AltiumDesignerProject\Схема принципиальная ПУК-404-19.SchDoc with Header 4 from Miscellaneous Connectors.IntLib
Replace Part PL1 PL2303HX in D:\git\ACCP--404-19\AltiumDesignerProject\Схема принципиальная ПУК-404-19.SchDoc with PL2303HX from PL2303HX.SchLib
Replace Part Q1 2N3904 in D:\git\ACCP--404-19\AltiumDesignerProject\Схема принципиальная ПУК-404-19.SchDoc with 2N3904 from Miscellaneous Devices.IntLib
Replace Part R1 Res1 in D:\git\ACCP--404-19\AltiumDesignerProject\Схема принципиальная ПУК-404-19.SchDoc with Res1 from Miscellaneous Devices.IntLib
Replace Part R2 Res1 in D:\git\ACCP--404-19\AltiumDesignerProject\Схема принципиальная ПУК-404-19.SchDoc with Res1 from Miscellaneous Devices.IntLib
Replace Part R3 Res1 in D:\git\ACCP--404-19\AltiumDesignerProject\Схема принципиальная ПУК-404-19.SchDoc with Res1 from Miscellaneous Devices.IntLib
Replace Part R4 Res1 in D:\git\ACCP--404-19\AltiumDesignerProject\Схема принципиальная ПУК-404-19.SchDoc with Res1 from Miscellaneous Devices.IntLib
Replace Part R5 Res1 in D:\git\ACCP--404-19\AltiumDesignerProject\Схема принципиальная ПУК-404-19.SchDoc with Res1 from Miscellaneous Devices.IntLib
Replace Part R6 Res1 in D:\git\ACCP--404-19\AltiumDesignerProject\Схема принципиальная ПУК-404-19.SchDoc with Res1 from Miscellaneous Devices.IntLib
Replace Part R9 Res1 in D:\git\ACCP--404-19\AltiumDesignerProject\Схема принципиальная ПУК-404-19.SchDoc with Res1 from Miscellaneous Devices.IntLib
Replace Part R10 Res1 in D:\git\ACCP--404-19\AltiumDesignerProject\Схема принципиальная ПУК-404-19.SchDoc with Res1 from Miscellaneous Devices.IntLib
Replace Part R? Res2 in D:\git\ACCP--404-19\AltiumDesignerProject\Схема принципиальная ПУК-404-19.SchDoc with Res2 from Miscellaneous Devices.IntLib
Replace Part S? SW-PB in D:\git\ACCP--404-19\AltiumDesignerProject\Схема принципиальная ПУК-404-19.SchDoc with SW-PB from Miscellaneous Devices.IntLib
Replace Part X? X_4 in D:\git\ACCP--404-19\AltiumDesignerProject\Схема принципиальная ПУК-404-19.SchDoc with X_4 from Connectors.SchLib
