Change Physical Footprint: Designator=C1 Old Footprint=C_1206 New Footprint=C_1206
Change Physical Footprint: Designator=C2 Old Footprint=C_0805 New Footprint=C_0805
Change Physical Footprint: Designator=C3 Old Footprint=C_0805 New Footprint=C_0805
Change Physical Footprint: Designator=C4 Old Footprint=C_1206 New Footprint=C_1206
Change Physical Footprint: Designator=C5 Old Footprint=C_1206 New Footprint=C_1206
Change Physical Footprint: Designator=C6 Old Footprint=C_1206 New Footprint=C_1206
Change Physical Footprint: Designator=C7 Old Footprint=C_1206 New Footprint=C_1206
Change Physical Footprint: Designator=C8 Old Footprint=C_1206 New Footprint=C_1206
Change Physical Footprint: Designator=C11 Old Footprint=C_1206 New Footprint=C_1206
Change Physical Footprint: Designator=H1 Old Footprint=ledrad3mm New Footprint=ledrad3mm
Change Physical Footprint: Designator=LED1 Old Footprint=ledrad3mm New Footprint=ledrad3mm
Change Physical Footprint: Designator=LED2 Old Footprint=ledrad3mm New Footprint=ledrad3mm
Change Physical Footprint: Designator=LED3 Old Footprint=ledrad3mm New Footprint=ledrad3mm
Change Physical Footprint: Designator=LED4 Old Footprint=ledrad3mm New Footprint=ledrad3mm
Change Physical Footprint: Designator=R1 Old Footprint=R_1206 New Footprint=R_1206
Change Physical Footprint: Designator=R2 Old Footprint=R_1206 New Footprint=R_1206
Change Physical Footprint: Designator=R3 Old Footprint=R_1206 New Footprint=R_1206
Change Physical Footprint: Designator=R4 Old Footprint=R_1206 New Footprint=R_1206
Change Physical Footprint: Designator=R5 Old Footprint=R_1206 New Footprint=R_1206
Change Physical Footprint: Designator=R6 Old Footprint=R_1206 New Footprint=R_1206
Change Physical Footprint: Designator=R7 Old Footprint=R_1206 New Footprint=R_1206
Change Physical Footprint: Designator=R8 Old Footprint=R_1206 New Footprint=R_1206
Change Physical Footprint: Designator=R9 Old Footprint=R_1206 New Footprint=R_1206
Change Physical Footprint: Designator=R10 Old Footprint=R_1206 New Footprint=R_1206
Change Physical Footprint: Designator=R11 Old Footprint=R_1206 New Footprint=R_1206
Change Physical Footprint: Designator=R12 Old Footprint=R_1206 New Footprint=R_1206
Change Physical Footprint: Designator=U1 Old Footprint=SO-28W New Footprint=SO-28W
Change Physical Footprint: Designator=U2 Old Footprint=TSSOP8 New Footprint=TSSOP8
Change Physical Footprint: Designator=U3 Old Footprint=27_DIP_7.62mm New Footprint=27_DIP_7.62mm
Change Physical Footprint: Designator=VT1 Old Footprint=TO-92-CBE New Footprint=TO-92-CBE
Change Physical Footprint: Designator=X1 Old Footprint=USB_TypeB_Tyco New Footprint=USB_TypeB_Tyco
Change Physical Footprint: Designator=X2 Old Footprint=PLD-6 New Footprint=PLD-6
Change Physical Footprint: Designator=Z1 Old Footprint=HC-49H New Footprint=HC-49H
Change Physical Footprint: Designator=Z2 Old Footprint=HC-49H New Footprint=HC-49H
